#
# There is insufficient memory for the Java Runtime Environment to continue.
# Native memory allocation (malloc) failed to allocate 391296 bytes for Chunk::new
# Possible reasons:
#   The system is out of physical RAM or swap space
#   In 32 bit mode, the process size limit was hit
# Possible solutions:
#   Reduce memory load on the system
#   Increase physical memory or swap space
#   Check if swap backing store is full
#   Use 64 bit Java on a 64 bit OS
#   Decrease Java heap size (-Xmx/-Xms)
#   Decrease number of Java threads
#   Decrease Java thread stack sizes (-Xss)
#   Set larger code cache with -XX:ReservedCodeCacheSize=
# This output file may be truncated or incomplete.
#
#  Out of Memory Error (allocation.cpp:390), pid=7428, tid=0x0000000000000670
#
# JRE version: Java(TM) SE Runtime Environment (8.0_111-b14) (build 1.8.0_111-b14)
# Java VM: Java HotSpot(TM) 64-Bit Server VM (25.111-b14 mixed mode windows-amd64 compressed oops)
# Failed to write core dump. Minidumps are not enabled by default on client versions of Windows
#

---------------  T H R E A D  ---------------

Current thread (0x00000000147b7800):  JavaThread "C2 CompilerThread1" daemon [_thread_in_native, id=1648, stack(0x0000000015db0000,0x0000000015eb0000)]

Stack: [0x0000000015db0000,0x0000000015eb0000]
[error occurred during error reporting (printing stack bounds), id 0xc0000005]

Native frames: (J=compiled Java code, j=interpreted, Vv=VM code, C=native code)


Current CompileTask:
C2:  17454 4229   !   4       java.net.URL::<init> (543 bytes)


---------------  P R O C E S S  ---------------

Java Threads: ( => current thread )
  0x0000000017b09800 JavaThread "HikariPool-1 connection adder" daemon [_thread_blocked, id=2128, stack(0x000000001dc10000,0x000000001dd10000)]
  0x0000000017b08800 JavaThread "HikariPool-1 housekeeper" daemon [_thread_blocked, id=3936, stack(0x000000001db10000,0x000000001dc10000)]
  0x0000000017b06800 JavaThread "container-0" [_thread_blocked, id=744, stack(0x000000001c240000,0x000000001c340000)]
  0x0000000017b0a000 JavaThread "Catalina-utility-2" [_thread_blocked, id=5980, stack(0x000000001c140000,0x000000001c240000)]
  0x0000000017b05000 JavaThread "Catalina-utility-1" [_thread_blocked, id=6096, stack(0x000000001c040000,0x000000001c140000)]
  0x0000000016b5d000 JavaThread "restartedMain" [_thread_in_native, id=696, stack(0x0000000017f60000,0x0000000018060000)]
  0x0000000016b5c000 JavaThread "Thread-0" [_thread_blocked, id=7056, stack(0x0000000017e60000,0x0000000017f60000)]
  0x0000000015ed2800 JavaThread "Service Thread" daemon [_thread_blocked, id=3248, stack(0x00000000163b0000,0x00000000164b0000)]
  0x0000000015eb8800 JavaThread "C1 CompilerThread2" daemon [_thread_blocked, id=8168, stack(0x00000000162b0000,0x00000000163b0000)]
=>0x00000000147b7800 JavaThread "C2 CompilerThread1" daemon [_thread_in_native, id=1648, stack(0x0000000015db0000,0x0000000015eb0000)]
  0x0000000014764000 JavaThread "C2 CompilerThread0" daemon [_thread_blocked, id=1076, stack(0x0000000015cb0000,0x0000000015db0000)]
  0x0000000014762000 JavaThread "Attach Listener" daemon [_thread_blocked, id=3424, stack(0x0000000015bb0000,0x0000000015cb0000)]
  0x0000000014760800 JavaThread "Signal Dispatcher" daemon [_thread_blocked, id=292, stack(0x0000000015ab0000,0x0000000015bb0000)]
  0x000000001474a000 JavaThread "Finalizer" daemon [_thread_blocked, id=1916, stack(0x00000000159b0000,0x0000000015ab0000)]
  0x0000000014729000 JavaThread "Reference Handler" daemon [_thread_blocked, id=3776, stack(0x00000000158b0000,0x00000000159b0000)]
  0x0000000002494800 JavaThread "main" [_thread_blocked, id=32, stack(0x0000000002390000,0x0000000002490000)]

Other Threads:
  0x0000000014727800 VMThread [stack: 0x00000000157b0000,0x00000000158b0000] [id=6840]
  0x0000000015ef8000 WatcherThread [stack: 0x00000000164b0000,0x00000000165b0000] [id=6708]

VM state:not at safepoint (normal execution)

VM Mutex/Monitor currently owned by a thread: None

Heap:
 PSYoungGen      total 181248K, used 147839K [0x00000000ed800000, 0x00000000fd880000, 0x0000000100000000)
  eden space 168960K, 87% used [0x00000000ed800000,0x00000000f685fee0,0x00000000f7d00000)
  from space 12288K, 0% used [0x00000000f7d00000,0x00000000f7d00000,0x00000000f8900000)
  to   space 11776K, 0% used [0x00000000fcd00000,0x00000000fcd00000,0x00000000fd880000)
 ParOldGen       total 45568K, used 14688K [0x00000000c8800000, 0x00000000cb480000, 0x00000000ed800000)
  object space 45568K, 32% used [0x00000000c8800000,0x00000000c9658128,0x00000000cb480000)
 Metaspace       used 46219K, capacity 48432K, committed 48640K, reserved 1091584K
  class space    used 6199K, capacity 6620K, committed 6656K, reserved 1048576K

Card table byte_map: [0x0000000011950000,0x0000000011b10000] byte_map_base: 0x000000001130c000

Marking Bits: (ParMarkBitMap*) 0x000000006036a6c0
 Begin Bits: [0x0000000012040000, 0x0000000012e20000)
 End Bits:   [0x0000000012e20000, 0x0000000013c00000)

Polling page: 0x0000000000940000

CodeCache: size=245760Kb used=13501Kb max_used=13633Kb free=232258Kb
 bounds [0x0000000002590000, 0x0000000003300000, 0x0000000011590000]
 total_blobs=4223 nmethods=3737 adapters=399
 compilation: enabled

Compilation events (10 events):
Event: 17.286 Thread 0x0000000015eb8800 4234       3       java.net.URI$Parser::scan (73 bytes)
Event: 17.287 Thread 0x0000000015eb8800 nmethod 4234 0x0000000002cd3350 code [0x0000000002cd3520, 0x0000000002cd3c68]
Event: 17.287 Thread 0x0000000015eb8800 4235       3       oracle.jdbc.driver.OracleStatement::ensureOpen (53 bytes)
Event: 17.288 Thread 0x0000000015eb8800 nmethod 4235 0x0000000002fbdc10 code [0x0000000002fbdde0, 0x0000000002fbe4b8]
Event: 17.288 Thread 0x0000000015eb8800 4237   !   3       oracle.jdbc.driver.OracleStatement::getColumnIndex (98 bytes)
Event: 17.290 Thread 0x0000000015eb8800 nmethod 4237 0x0000000002fbcd10 code [0x0000000002fbcf00, 0x0000000002fbd848]
Event: 17.290 Thread 0x0000000015eb8800 4236   !   3       oracle.jdbc.driver.OracleResultSetImpl::findColumn (23 bytes)
Event: 17.290 Thread 0x0000000015eb8800 nmethod 4236 0x00000000030b4310 code [0x00000000030b4480, 0x00000000030b4828]
Event: 17.290 Thread 0x0000000015eb8800 4238       3       java.util.BitSet::length (37 bytes)
Event: 17.291 Thread 0x0000000015eb8800 nmethod 4238 0x0000000002c03550 code [0x0000000002c036c0, 0x0000000002c038c8]

GC Heap History (10 events):
Event: 4.066 GC heap before
{Heap before GC invocations=9 (full 1):
 PSYoungGen      total 125440K, used 3734K [0x00000000ed800000, 0x00000000f5b00000, 0x0000000100000000)
  eden space 117760K, 0% used [0x00000000ed800000,0x00000000ed800000,0x00000000f4b00000)
  from space 7680K, 48% used [0x00000000f5380000,0x00000000f57258f8,0x00000000f5b00000)
  to   space 8192K, 0% used [0x00000000f4b00000,0x00000000f4b00000,0x00000000f5300000)
 ParOldGen       total 38400K, used 9335K [0x00000000c8800000, 0x00000000cad80000, 0x00000000ed800000)
  object space 38400K, 24% used [0x00000000c8800000,0x00000000c911dc30,0x00000000cad80000)
 Metaspace       used 20501K, capacity 21172K, committed 21296K, reserved 1067008K
  class space    used 2686K, capacity 2846K, committed 2944K, reserved 1048576K
Event: 4.143 GC heap after
Heap after GC invocations=9 (full 1):
 PSYoungGen      total 125440K, used 0K [0x00000000ed800000, 0x00000000f5b00000, 0x0000000100000000)
  eden space 117760K, 0% used [0x00000000ed800000,0x00000000ed800000,0x00000000f4b00000)
  from space 7680K, 0% used [0x00000000f5380000,0x00000000f5380000,0x00000000f5b00000)
  to   space 8192K, 0% used [0x00000000f4b00000,0x00000000f4b00000,0x00000000f5300000)
 ParOldGen       total 28160K, used 5614K [0x00000000c8800000, 0x00000000ca380000, 0x00000000ed800000)
  object space 28160K, 19% used [0x00000000c8800000,0x00000000c8d7ba88,0x00000000ca380000)
 Metaspace       used 20500K, capacity 21166K, committed 21296K, reserved 1067008K
  class space    used 2685K, capacity 2845K, committed 2944K, reserved 1048576K
}
Event: 6.283 GC heap before
{Heap before GC invocations=10 (full 1):
 PSYoungGen      total 125440K, used 117760K [0x00000000ed800000, 0x00000000f5b00000, 0x0000000100000000)
  eden space 117760K, 100% used [0x00000000ed800000,0x00000000f4b00000,0x00000000f4b00000)
  from space 7680K, 0% used [0x00000000f5380000,0x00000000f5380000,0x00000000f5b00000)
  to   space 8192K, 0% used [0x00000000f4b00000,0x00000000f4b00000,0x00000000f5300000)
 ParOldGen       total 28160K, used 5614K [0x00000000c8800000, 0x00000000ca380000, 0x00000000ed800000)
  object space 28160K, 19% used [0x00000000c8800000,0x00000000c8d7ba88,0x00000000ca380000)
 Metaspace       used 22886K, capacity 23754K, committed 23936K, reserved 1071104K
  class space    used 2964K, capacity 3162K, committed 3200K, reserved 1048576K
Event: 6.304 GC heap after
Heap after GC invocations=10 (full 1):
 PSYoungGen      total 125952K, used 7220K [0x00000000ed800000, 0x00000000f9280000, 0x0000000100000000)
  eden space 117760K, 0% used [0x00000000ed800000,0x00000000ed800000,0x00000000f4b00000)
  from space 8192K, 88% used [0x00000000f4b00000,0x00000000f520d340,0x00000000f5300000)
  to   space 9216K, 0% used [0x00000000f8980000,0x00000000f8980000,0x00000000f9280000)
 ParOldGen       total 28160K, used 5622K [0x00000000c8800000, 0x00000000ca380000, 0x00000000ed800000)
  object space 28160K, 19% used [0x00000000c8800000,0x00000000c8d7da88,0x00000000ca380000)
 Metaspace       used 22886K, capacity 23754K, committed 23936K, reserved 1071104K
  class space    used 2964K, capacity 3162K, committed 3200K, reserved 1048576K
}
Event: 10.274 GC heap before
{Heap before GC invocations=11 (full 1):
 PSYoungGen      total 125952K, used 124980K [0x00000000ed800000, 0x00000000f9280000, 0x0000000100000000)
  eden space 117760K, 100% used [0x00000000ed800000,0x00000000f4b00000,0x00000000f4b00000)
  from space 8192K, 88% used [0x00000000f4b00000,0x00000000f520d340,0x00000000f5300000)
  to   space 9216K, 0% used [0x00000000f8980000,0x00000000f8980000,0x00000000f9280000)
 ParOldGen       total 28160K, used 5622K [0x00000000c8800000, 0x00000000ca380000, 0x00000000ed800000)
  object space 28160K, 19% used [0x00000000c8800000,0x00000000c8d7da88,0x00000000ca380000)
 Metaspace       used 30299K, capacity 32056K, committed 32384K, reserved 1077248K
  class space    used 4047K, capacity 4386K, committed 4480K, reserved 1048576K
Event: 10.306 GC heap after
Heap after GC invocations=11 (full 1):
 PSYoungGen      total 178176K, used 9209K [0x00000000ed800000, 0x00000000f9500000, 0x0000000100000000)
  eden space 168960K, 0% used [0x00000000ed800000,0x00000000ed800000,0x00000000f7d00000)
  from space 9216K, 99% used [0x00000000f8980000,0x00000000f927e758,0x00000000f9280000)
  to   space 12288K, 0% used [0x00000000f7d00000,0x00000000f7d00000,0x00000000f8900000)
 ParOldGen       total 28160K, used 9824K [0x00000000c8800000, 0x00000000ca380000, 0x00000000ed800000)
  object space 28160K, 34% used [0x00000000c8800000,0x00000000c91983d0,0x00000000ca380000)
 Metaspace       used 30299K, capacity 32056K, committed 32384K, reserved 1077248K
  class space    used 4047K, capacity 4386K, committed 4480K, reserved 1048576K
}
Event: 11.515 GC heap before
{Heap before GC invocations=12 (full 1):
 PSYoungGen      total 178176K, used 115128K [0x00000000ed800000, 0x00000000f9500000, 0x0000000100000000)
  eden space 168960K, 62% used [0x00000000ed800000,0x00000000f3f6f948,0x00000000f7d00000)
  from space 9216K, 99% used [0x00000000f8980000,0x00000000f927e758,0x00000000f9280000)
  to   space 12288K, 0% used [0x00000000f7d00000,0x00000000f7d00000,0x00000000f8900000)
 ParOldGen       total 28160K, used 9824K [0x00000000c8800000, 0x00000000ca380000, 0x00000000ed800000)
  object space 28160K, 34% used [0x00000000c8800000,0x00000000c91983d0,0x00000000ca380000)
 Metaspace       used 33536K, capacity 35366K, committed 35456K, reserved 1079296K
  class space    used 4390K, capacity 4723K, committed 4736K, reserved 1048576K
Event: 11.541 GC heap after
Heap after GC invocations=12 (full 1):
 PSYoungGen      total 181248K, used 3589K [0x00000000ed800000, 0x00000000fd880000, 0x0000000100000000)
  eden space 168960K, 0% used [0x00000000ed800000,0x00000000ed800000,0x00000000f7d00000)
  from space 12288K, 29% used [0x00000000f7d00000,0x00000000f8081540,0x00000000f8900000)
  to   space 11776K, 0% used [0x00000000fcd00000,0x00000000fcd00000,0x00000000fd880000)
 ParOldGen       total 28160K, used 16928K [0x00000000c8800000, 0x00000000ca380000, 0x00000000ed800000)
  object space 28160K, 60% used [0x00000000c8800000,0x00000000c9888248,0x00000000ca380000)
 Metaspace       used 33536K, capacity 35366K, committed 35456K, reserved 1079296K
  class space    used 4390K, capacity 4723K, committed 4736K, reserved 1048576K
}
Event: 11.541 GC heap before
{Heap before GC invocations=13 (full 2):
 PSYoungGen      total 181248K, used 3589K [0x00000000ed800000, 0x00000000fd880000, 0x0000000100000000)
  eden space 168960K, 0% used [0x00000000ed800000,0x00000000ed800000,0x00000000f7d00000)
  from space 12288K, 29% used [0x00000000f7d00000,0x00000000f8081540,0x00000000f8900000)
  to   space 11776K, 0% used [0x00000000fcd00000,0x00000000fcd00000,0x00000000fd880000)
 ParOldGen       total 28160K, used 16928K [0x00000000c8800000, 0x00000000ca380000, 0x00000000ed800000)
  object space 28160K, 60% used [0x00000000c8800000,0x00000000c9888248,0x00000000ca380000)
 Metaspace       used 33536K, capacity 35366K, committed 35456K, reserved 1079296K
  class space    used 4390K, capacity 4723K, committed 4736K, reserved 1048576K
Event: 11.690 GC heap after
Heap after GC invocations=13 (full 2):
 PSYoungGen      total 181248K, used 0K [0x00000000ed800000, 0x00000000fd880000, 0x0000000100000000)
  eden space 168960K, 0% used [0x00000000ed800000,0x00000000ed800000,0x00000000f7d00000)
  from space 12288K, 0% used [0x00000000f7d00000,0x00000000f7d00000,0x00000000f8900000)
  to   space 11776K, 0% used [0x00000000fcd00000,0x00000000fcd00000,0x00000000fd880000)
 ParOldGen       total 45568K, used 14688K [0x00000000c8800000, 0x00000000cb480000, 0x00000000ed800000)
  object space 45568K, 32% used [0x00000000c8800000,0x00000000c9658128,0x00000000cb480000)
 Metaspace       used 33536K, capacity 35366K, committed 35456K, reserved 1079296K
  class space    used 4390K, capacity 4723K, committed 4736K, reserved 1048576K
}

Deoptimization events (10 events):
Event: 16.689 Thread 0x0000000016b5d000 Uncommon trap: reason=bimorphic action=maybe_recompile pc=0x00000000032a417c method=java.util.regex.Pattern$Curly.match0(Ljava/util/regex/Matcher;IILjava/lang/CharSequence;)Z @ 77
Event: 16.689 Thread 0x0000000016b5d000 Uncommon trap: reason=bimorphic action=maybe_recompile pc=0x00000000032a417c method=java.util.regex.Pattern$Curly.match0(Ljava/util/regex/Matcher;IILjava/lang/CharSequence;)Z @ 77
Event: 16.689 Thread 0x0000000016b5d000 Uncommon trap: reason=bimorphic action=maybe_recompile pc=0x00000000032a417c method=java.util.regex.Pattern$Curly.match0(Ljava/util/regex/Matcher;IILjava/lang/CharSequence;)Z @ 77
Event: 16.689 Thread 0x0000000016b5d000 Uncommon trap: reason=bimorphic action=maybe_recompile pc=0x00000000032a417c method=java.util.regex.Pattern$Curly.match0(Ljava/util/regex/Matcher;IILjava/lang/CharSequence;)Z @ 77
Event: 16.880 Thread 0x0000000016b5d000 Uncommon trap: reason=bimorphic action=maybe_recompile pc=0x0000000002a6bff4 method=java.lang.ClassLoader.loadClass(Ljava/lang/String;Z)Ljava/lang/Class; @ 70
Event: 16.968 Thread 0x0000000017b09800 Uncommon trap: reason=unstable_if action=reinterpret pc=0x000000000284c860 method=java.net.URI.match(CJJ)Z @ 45
Event: 17.206 Thread 0x0000000016b5d000 Uncommon trap: reason=unstable_if action=reinterpret pc=0x0000000002a25ac8 method=oracle.jdbc.driver.T4CSocketOutputStreamWrapper.write([BII)V @ 4
Event: 17.230 Thread 0x0000000016b5d000 Uncommon trap: reason=unstable_if action=reinterpret pc=0x00000000030b99c4 method=oracle.jdbc.driver.T4CSocketInputStreamWrapper.readLongMSB(I)J @ 10
Event: 17.238 Thread 0x0000000016b5d000 Uncommon trap: reason=unstable_if action=reinterpret pc=0x0000000002f3bf74 method=oracle.jdbc.driver.T4CSocketInputStreamWrapper.readLongMSB(I)J @ 10
Event: 17.238 Thread 0x0000000016b5d000 Uncommon trap: reason=unstable_if action=reinterpret pc=0x0000000002ac56dc method=oracle.jdbc.driver.T4CSocketInputStreamWrapper.readLongMSB(I)J @ 10

Internal exceptions (10 events):
Event: 14.252 Thread 0x0000000016b5d000 Exception <a 'java/lang/ClassNotFoundException': org/springframework/beans/factory/BeanFactoryAwareCustomizer> (0x00000000f14150f0) thrown at [C:\re\workspace\8-2-build-windows-amd64-cygwin\jdk8u111\7883\hotspot\src\share\vm\classfile\systemDictionary.cpp
Event: 14.253 Thread 0x0000000016b5d000 Exception <a 'java/lang/ClassNotFoundException': org/springframework/beans/factory/AwareCustomizer> (0x00000000f142c600) thrown at [C:\re\workspace\8-2-build-windows-amd64-cygwin\jdk8u111\7883\hotspot\src\share\vm\classfile\systemDictionary.cpp, line 210]
Event: 14.254 Thread 0x0000000016b5d000 Exception <a 'java/lang/ClassNotFoundException': org/springframework/beans/factory/BeanNameAwareCustomizer> (0x00000000f1444928) thrown at [C:\re\workspace\8-2-build-windows-amd64-cygwin\jdk8u111\7883\hotspot\src\share\vm\classfile\systemDictionary.cpp, l
Event: 14.255 Thread 0x0000000016b5d000 Exception <a 'java/lang/ClassNotFoundException': org/springframework/beans/factory/AwareCustomizer> (0x00000000f145b7f8) thrown at [C:\re\workspace\8-2-build-windows-amd64-cygwin\jdk8u111\7883\hotspot\src\share\vm\classfile\systemDictionary.cpp, line 210]
Event: 14.256 Thread 0x0000000016b5d000 Exception <a 'java/lang/ClassNotFoundException': org/springframework/beans/factory/InitializingBeanCustomizer> (0x00000000f1474c68) thrown at [C:\re\workspace\8-2-build-windows-amd64-cygwin\jdk8u111\7883\hotspot\src\share\vm\classfile\systemDictionary.cpp
Event: 14.257 Thread 0x0000000016b5d000 Exception <a 'java/lang/ClassNotFoundException': org/springframework/beans/factory/DisposableBeanCustomizer> (0x00000000f148d7e8) thrown at [C:\re\workspace\8-2-build-windows-amd64-cygwin\jdk8u111\7883\hotspot\src\share\vm\classfile\systemDictionary.cpp, 
Event: 14.258 Thread 0x0000000016b5d000 Exception <a 'java/lang/ClassNotFoundException': org/springframework/orm/jpa/EntityManagerFactoryInfoCustomizer> (0x00000000f14a7d80) thrown at [C:\re\workspace\8-2-build-windows-amd64-cygwin\jdk8u111\7883\hotspot\src\share\vm\classfile\systemDictionary.c
Event: 14.261 Thread 0x0000000016b5d000 Exception <a 'java/lang/ClassNotFoundException': org/springframework/dao/support/PersistenceExceptionTranslatorCustomizer> (0x00000000f14d1480) thrown at [C:\re\workspace\8-2-build-windows-amd64-cygwin\jdk8u111\7883\hotspot\src\share\vm\classfile\systemDi
Event: 16.852 Thread 0x0000000016b5d000 Exception <a 'java/lang/AbstractMethodError': oracle.jdbc.driver.T4CConnection.getNetworkTimeout()I> (0x00000000f59abe98) thrown at [C:\re\workspace\8-2-build-windows-amd64-cygwin\jdk8u111\7883\hotspot\src\share\vm\interpreter\linkResolver.cpp, line 1323]
Event: 17.292 Thread 0x0000000016b5d000 Exception <a 'java/lang/AbstractMethodError': oracle.jdbc.driver.T4CConnection.getSchema()Ljava/lang/String;> (0x00000000f64cb7e8) thrown at [C:\re\workspace\8-2-build-windows-amd64-cygwin\jdk8u111\7883\hotspot\src\share\vm\interpreter\linkResolver.cpp, l

Events (10 events):
Event: 17.292 loading class org/hibernate/engine/jdbc/env/internal/DefaultSchemaNameResolver$SchemaNameResolverFallbackDelegate
Event: 17.292 loading class org/hibernate/engine/jdbc/env/internal/DefaultSchemaNameResolver$SchemaNameResolverFallbackDelegate done
Event: 17.295 loading class org/hibernate/tool/schema/extract/internal/SequenceInformationExtractorOracleDatabaseImpl
Event: 17.295 loading class org/hibernate/tool/schema/extract/internal/SequenceInformationExtractorOracleDatabaseImpl done
Event: 17.296 loading class org/hibernate/tool/schema/extract/internal/SequenceInformationExtractorLegacyImpl
Event: 17.296 loading class org/hibernate/tool/schema/extract/internal/SequenceInformationExtractorLegacyImpl done
Event: 17.297 loading class org/hibernate/engine/jdbc/env/internal/JdbcEnvironmentImpl$1
Event: 17.297 loading class org/hibernate/engine/jdbc/env/internal/JdbcEnvironmentImpl$1 done
Event: 17.298 loading class org/hibernate/tool/schema/extract/spi/ExtractionContext$EmptyExtractionContext
Event: 17.298 loading class org/hibernate/tool/schema/extract/spi/ExtractionContext$EmptyExtractionContext done


Dynamic libraries:
0x00007ff60b530000 - 0x00007ff60b567000 	C:\Program Files\Java\jre1.8.0_111\bin\javaw.exe
0x00007fff6c660000 - 0x00007fff6c821000 	C:\Windows\SYSTEM32\ntdll.dll
0x00007fff6b140000 - 0x00007fff6b1ed000 	C:\Windows\system32\KERNEL32.DLL
0x00007fff69580000 - 0x00007fff69768000 	C:\Windows\system32\KERNELBASE.dll
0x00007fff6b3b0000 - 0x00007fff6b457000 	C:\Windows\system32\ADVAPI32.dll
0x00007fff69a70000 - 0x00007fff69b0d000 	C:\Windows\system32\msvcrt.dll
0x00007fff69b80000 - 0x00007fff69bdb000 	C:\Windows\system32\sechost.dll
0x00007fff6bc50000 - 0x00007fff6bd6c000 	C:\Windows\system32\RPCRT4.dll
0x00007fff6c500000 - 0x00007fff6c656000 	C:\Windows\system32\USER32.dll
0x00007fff6c0f0000 - 0x00007fff6c276000 	C:\Windows\system32\GDI32.dll
0x00007fff63480000 - 0x00007fff636f4000 	C:\Windows\WinSxS\amd64_microsoft.windows.common-controls_6595b64144ccf1df_6.0.10586.0_none_8c15ae12515e1c22\COMCTL32.dll
0x00007fff6c280000 - 0x00007fff6c4fd000 	C:\Windows\system32\combase.dll
0x00007fff69380000 - 0x00007fff693ea000 	C:\Windows\system32\bcryptPrimitives.dll
0x00007fff6bb30000 - 0x00007fff6bb6b000 	C:\Windows\system32\IMM32.DLL
0x000000005fa70000 - 0x000000005fb42000 	C:\Program Files\Java\jre1.8.0_111\bin\msvcr100.dll
0x000000005fb50000 - 0x00000000603ea000 	C:\Program Files\Java\jre1.8.0_111\bin\server\jvm.dll
0x00007fff6b3a0000 - 0x00007fff6b3a8000 	C:\Windows\system32\PSAPI.DLL
0x00007fff5d8c0000 - 0x00007fff5d8c9000 	C:\Windows\SYSTEM32\WSOCK32.dll
0x00007fff66b50000 - 0x00007fff66b73000 	C:\Windows\SYSTEM32\WINMM.dll
0x00007fff658c0000 - 0x00007fff658ca000 	C:\Windows\SYSTEM32\VERSION.dll
0x00007fff6b460000 - 0x00007fff6b4cb000 	C:\Windows\system32\WS2_32.dll
0x0000000000450000 - 0x000000000047c000 	C:\Windows\SYSTEM32\WINMMBASE.dll
0x00007fff69480000 - 0x00007fff694c3000 	C:\Windows\system32\cfgmgr32.dll
0x000000005fa60000 - 0x000000005fa6f000 	C:\Program Files\Java\jre1.8.0_111\bin\verify.dll
0x000000005fa30000 - 0x000000005fa59000 	C:\Program Files\Java\jre1.8.0_111\bin\java.dll
0x000000005fa10000 - 0x000000005fa26000 	C:\Program Files\Java\jre1.8.0_111\bin\zip.dll
0x00007fff69be0000 - 0x00007fff6b13c000 	C:\Windows\system32\SHELL32.dll
0x00007fff68d30000 - 0x00007fff69375000 	C:\Windows\system32\windows.storage.dll
0x00007fff6b920000 - 0x00007fff6b972000 	C:\Windows\system32\shlwapi.dll
0x00007fff68d00000 - 0x00007fff68d0f000 	C:\Windows\system32\kernel.appcore.dll
0x00007fff699a0000 - 0x00007fff69a55000 	C:\Windows\system32\shcore.dll
0x00007fff68ca0000 - 0x00007fff68ceb000 	C:\Windows\system32\powrprof.dll
0x00007fff68c80000 - 0x00007fff68c94000 	C:\Windows\system32\profapi.dll
0x000000005f990000 - 0x000000005f99d000 	C:\Program Files\Java\jre1.8.0_111\bin\management.dll
0x000000005f9f0000 - 0x000000005fa0a000 	C:\Program Files\Java\jre1.8.0_111\bin\net.dll
0x00007fff68550000 - 0x00007fff685ac000 	C:\Windows\system32\mswsock.dll
0x00007fff59fb0000 - 0x00007fff59fc6000 	C:\Windows\system32\napinsp.dll
0x00007fff59f60000 - 0x00007fff59f7a000 	C:\Windows\system32\pnrpnsp.dll
0x00007fff66680000 - 0x00007fff66698000 	C:\Windows\system32\NLAapi.dll
0x00007fff676f0000 - 0x00007fff6779a000 	C:\Windows\SYSTEM32\DNSAPI.dll
0x00007fff6bb70000 - 0x00007fff6bb78000 	C:\Windows\system32\NSI.dll
0x00007fff59f50000 - 0x00007fff59f5d000 	C:\Windows\System32\winrnr.dll
0x0000000060500000 - 0x0000000060526000 	C:\Program Files\Bonjour\mdnsNSP.dll
0x00007fff63a50000 - 0x00007fff63a88000 	C:\Windows\SYSTEM32\Iphlpapi.DLL
0x00007fff5f530000 - 0x00007fff5f53a000 	C:\Windows\System32\rasadhlp.dll
0x00007fff63aa0000 - 0x00007fff63b07000 	C:\Windows\System32\fwpuclnt.dll
0x00007fff68bb0000 - 0x00007fff68bd9000 	C:\Windows\SYSTEM32\bcrypt.dll
0x000000005f9d0000 - 0x000000005f9e1000 	C:\Program Files\Java\jre1.8.0_111\bin\nio.dll
0x00007fff68600000 - 0x00007fff68617000 	C:\Windows\SYSTEM32\CRYPTSP.dll
0x00007fff68290000 - 0x00007fff682c4000 	C:\Windows\system32\rsaenh.dll
0x00007fff683e0000 - 0x00007fff683ff000 	C:\Windows\SYSTEM32\USERENV.dll
0x00007fff68720000 - 0x00007fff6872b000 	C:\Windows\SYSTEM32\CRYPTBASE.dll
0x00007fff63a30000 - 0x00007fff63a46000 	C:\Windows\SYSTEM32\dhcpcsvc6.DLL
0x00007fff63a10000 - 0x00007fff63a2a000 	C:\Windows\SYSTEM32\dhcpcsvc.DLL
0x000000005f9a0000 - 0x000000005f9c4000 	C:\Program Files\Java\jre1.8.0_111\bin\sunec.dll

VM Arguments:
jvm_args: -Dfile.encoding=UTF-8 
java_command: com.capg.project.ProjectApplication
java_class_path (initial): C:\Program Files\Java\jre1.8.0_111\lib\resources.jar;C:\Program Files\Java\jre1.8.0_111\lib\rt.jar;C:\Program Files\Java\jre1.8.0_111\lib\jsse.jar;C:\Program Files\Java\jre1.8.0_111\lib\jce.jar;C:\Program Files\Java\jre1.8.0_111\lib\charsets.jar;C:\Program Files\Java\jre1.8.0_111\lib\jfr.jar;C:\Program Files\Java\jre1.8.0_111\lib\ext\access-bridge-64.jar;C:\Program Files\Java\jre1.8.0_111\lib\ext\cldrdata.jar;C:\Program Files\Java\jre1.8.0_111\lib\ext\dnsns.jar;C:\Program Files\Java\jre1.8.0_111\lib\ext\jaccess.jar;C:\Program Files\Java\jre1.8.0_111\lib\ext\jfxrt.jar;C:\Program Files\Java\jre1.8.0_111\lib\ext\localedata.jar;C:\Program Files\Java\jre1.8.0_111\lib\ext\nashorn.jar;C:\Program Files\Java\jre1.8.0_111\lib\ext\sunec.jar;C:\Program Files\Java\jre1.8.0_111\lib\ext\sunjce_provider.jar;C:\Program Files\Java\jre1.8.0_111\lib\ext\sunmscapi.jar;C:\Program Files\Java\jre1.8.0_111\lib\ext\sunpkcs11.jar;C:\Program Files\Java\jre1.8.0_111\lib\ext\zipfs.jar;C:\Users\HP\Downloads\DisplayProduct\DisplayProduct\DisplayProduct\target\classes;C:\Users\HP\.m2\repository\org\springframework\boot\spring-boot-starter-actuator\2.2.6.RELEASE\spring-boot-starter-actuator-2.2.6.RELEASE.jar;C:\Users\HP\.m2\repository\org\springframework\boot\spring-boot-starter\2.2.6.RELEASE\spring-boot-starter-2.2.6.RELEASE.jar;C:\Users\HP\.m2\repository\org\springframework\boot\spring-boot-starter-logging\2.2.6.RELEASE\spring-boot-starter-logging-2.2.6.RELEASE.jar;C:\Users\HP\.m2\repository\ch\qos\logback\logback-classic\1.2.3\logback-classic-1.2.3.jar;C:\Users\HP\.m2\repository\ch\qos\logback\logback-core\1.2.3\logback-core-1.2.3.jar;C:\Users\HP\.m2\repository\org\apache\logging\log4j\log4j-to-slf4j\2.12.1\log4j-to-slf4j-2.12.1.jar;C:\Users\HP\.m2\repository\org\apache\logging\log4j\log4j-api\2.12.1\log4j-api-2.12.1.jar;C:\Users\HP\.m2\repository\org\slf4j\jul-to-slf4j\1.7.30\jul-to-slf4j-1.7.30.jar;C:\Users\HP\.m2\repository\jakarta\annotation\jakarta.annotation-api
Launcher Type: SUN_STANDARD

Environment Variables:
PATH=C:/Program Files/Java/jre1.8.0_111/bin/server;C:/Program Files/Java/jre1.8.0_111/bin;C:/Program Files/Java/jre1.8.0_111/lib/amd64;C:\oraclexe\app\oracle\product\11.2.0\server\bin;;C:\ProgramData\Oracle\Java\javapath;C:\Windows\system32;C:\Windows;C:\Windows\System32\Wbem;C:\Windows\System32\WindowsPowerShell\v1.0\;C:\Program Files\nodejs\;C:\Program Files\Java\jdk1.8.0_111\bin;C:\Users\HP\AppData\Roaming\npm;C:\Users\HP\AppData\Local\Programs\Microsoft VS Code\bin;C:\Users\HP\AppData\Local\GitHubDesktop\bin;G:\Software\spring-tool-suite-3.9.2.RELEASE-e4.7.2-win32-x86_64\sts-bundle\sts-3.9.2.RELEASE;
USERNAME=HP
OS=Windows_NT
PROCESSOR_IDENTIFIER=AMD64 Family 22 Model 48 Stepping 1, AuthenticAMD



---------------  S Y S T E M  ---------------

OS: Windows 10.0 , 64 bit Build 10586 (10.0.10586.0)

CPU:total 4 (4 cores per cpu, 1 threads per core) family 22 model 48 stepping 1, cmov, cx8, fxsr, mmx, sse, sse2, sse3, ssse3, sse4.1, sse4.2, popcnt, avx, aes, clmul, mmxext, 3dnowpref, lzcnt, sse4a, tsc, tscinvbit, tscinv, bmi1

Memory: 4k page, physical 3635312k(711088k free), swap 14645360k(544k free)

vm_info: Java HotSpot(TM) 64-Bit Server VM (25.111-b14) for windows-amd64 JRE (1.8.0_111-b14), built on Sep 22 2016 19:24:05 by "java_re" with MS VC++ 10.0 (VS2010)

time: Thu May 07 20:44:21 2020
elapsed time: 17 seconds (0d 0h 0m 17s)

