#
# There is insufficient memory for the Java Runtime Environment to continue.
# Native memory allocation (malloc) failed to allocate 727856 bytes for Chunk::new
# Possible reasons:
#   The system is out of physical RAM or swap space
#   In 32 bit mode, the process size limit was hit
# Possible solutions:
#   Reduce memory load on the system
#   Increase physical memory or swap space
#   Check if swap backing store is full
#   Use 64 bit Java on a 64 bit OS
#   Decrease Java heap size (-Xmx/-Xms)
#   Decrease number of Java threads
#   Decrease Java thread stack sizes (-Xss)
#   Set larger code cache with -XX:ReservedCodeCacheSize=
# This output file may be truncated or incomplete.
#
#  Out of Memory Error (allocation.cpp:390), pid=5592, tid=0x0000000000001ce8
#
# JRE version: Java(TM) SE Runtime Environment (8.0_111-b14) (build 1.8.0_111-b14)
# Java VM: Java HotSpot(TM) 64-Bit Server VM (25.111-b14 mixed mode windows-amd64 compressed oops)
# Failed to write core dump. Minidumps are not enabled by default on client versions of Windows
#

---------------  T H R E A D  ---------------

Current thread (0x0000000014633800):  JavaThread "C2 CompilerThread0" daemon [_thread_in_native, id=7400, stack(0x0000000015c60000,0x0000000015d60000)]

Stack: [0x0000000015c60000,0x0000000015d60000]
[error occurred during error reporting (printing stack bounds), id 0xc0000005]

Native frames: (J=compiled Java code, j=interpreted, Vv=VM code, C=native code)


Current CompileTask:
C2:  25255 4592       4       org.springframework.core.BridgeMethodResolver::findBridgedMethod (117 bytes)


---------------  P R O C E S S  ---------------

Java Threads: ( => current thread )
  0x0000000019411000 JavaThread "Live Reload Server" daemon [_thread_in_native, id=2584, stack(0x000000001f890000,0x000000001f990000)]
  0x0000000019413000 JavaThread "HikariPool-1 connection adder" daemon [_thread_blocked, id=7608, stack(0x000000001ed90000,0x000000001ee90000)]
  0x0000000019410000 JavaThread "HikariPool-1 housekeeper" daemon [_thread_blocked, id=5424, stack(0x000000001ec90000,0x000000001ed90000)]
  0x0000000019414800 JavaThread "container-0" [_thread_blocked, id=1252, stack(0x000000001d260000,0x000000001d360000)]
  0x0000000019411800 JavaThread "Catalina-utility-2" [_thread_blocked, id=3684, stack(0x000000001d160000,0x000000001d260000)]
  0x0000000019417000 JavaThread "Catalina-utility-1" [_thread_blocked, id=7928, stack(0x000000001d060000,0x000000001d160000)]
  0x0000000016f99000 JavaThread "restartedMain" [_thread_in_vm, id=632, stack(0x0000000017f10000,0x0000000018010000)]
  0x0000000017368000 JavaThread "Thread-0" [_thread_blocked, id=3844, stack(0x0000000017e10000,0x0000000017f10000)]
  0x0000000015f90800 JavaThread "Service Thread" daemon [_thread_blocked, id=4848, stack(0x0000000016360000,0x0000000016460000)]
  0x0000000014640000 JavaThread "C1 CompilerThread2" daemon [_thread_blocked, id=5208, stack(0x0000000015e60000,0x0000000015f60000)]
  0x000000001463a800 JavaThread "C2 CompilerThread1" daemon [_thread_in_native, id=6076, stack(0x0000000015d60000,0x0000000015e60000)]
=>0x0000000014633800 JavaThread "C2 CompilerThread0" daemon [_thread_in_native, id=7400, stack(0x0000000015c60000,0x0000000015d60000)]
  0x0000000014631800 JavaThread "Attach Listener" daemon [_thread_blocked, id=5880, stack(0x0000000015b60000,0x0000000015c60000)]
  0x0000000014630000 JavaThread "Signal Dispatcher" daemon [_thread_blocked, id=2968, stack(0x0000000015a60000,0x0000000015b60000)]
  0x000000001461a000 JavaThread "Finalizer" daemon [_thread_blocked, id=5868, stack(0x0000000015880000,0x0000000015980000)]
  0x00000000145f9000 JavaThread "Reference Handler" daemon [_thread_blocked, id=5804, stack(0x0000000015780000,0x0000000015880000)]
  0x0000000002364800 JavaThread "main" [_thread_blocked, id=7628, stack(0x0000000002260000,0x0000000002360000)]

Other Threads:
  0x00000000145f7800 VMThread [stack: 0x0000000015680000,0x0000000015780000] [id=5344]
  0x0000000015fd3800 WatcherThread [stack: 0x0000000016460000,0x0000000016560000] [id=3848]

VM state:not at safepoint (normal execution)

VM Mutex/Monitor currently owned by a thread: None

Heap:
 PSYoungGen      total 250368K, used 16759K [0x00000000ed800000, 0x0000000100000000, 0x0000000100000000)
  eden space 232960K, 7% used [0x00000000ed800000,0x00000000ee85dc18,0x00000000fbb80000)
  from space 17408K, 0% used [0x00000000fbb80000,0x00000000fbb80000,0x00000000fcc80000)
  to   space 16896K, 0% used [0x00000000fef80000,0x00000000fef80000,0x0000000100000000)
 ParOldGen       total 67072K, used 26640K [0x00000000c8800000, 0x00000000cc980000, 0x00000000ed800000)
  object space 67072K, 39% used [0x00000000c8800000,0x00000000ca204148,0x00000000cc980000)
 Metaspace       used 57406K, capacity 60326K, committed 60544K, reserved 1101824K
  class space    used 7940K, capacity 8472K, committed 8576K, reserved 1048576K

Card table byte_map: [0x0000000011820000,0x00000000119e0000] byte_map_base: 0x00000000111dc000

Marking Bits: (ParMarkBitMap*) 0x000000006036a6c0
 Begin Bits: [0x0000000011f10000, 0x0000000012cf0000)
 End Bits:   [0x0000000012cf0000, 0x0000000013ad0000)

Polling page: 0x0000000002080000

CodeCache: size=245760Kb used=15417Kb max_used=15621Kb free=230342Kb
 bounds [0x0000000002460000, 0x00000000033b0000, 0x0000000011460000]
 total_blobs=4784 nmethods=4229 adapters=468
 compilation: enabled

Compilation events (10 events):
Event: 25.079 Thread 0x0000000014640000 4754       1       antlr.BaseAST::getFirstChild (5 bytes)
Event: 25.079 Thread 0x0000000014640000 nmethod 4754 0x00000000025c2fd0 code [0x00000000025c3120, 0x00000000025c3230]
Event: 25.120 Thread 0x0000000014640000 4758       2       java.lang.String::equalsIgnoreCase (48 bytes)
Event: 25.121 Thread 0x0000000014640000 nmethod 4758 0x0000000002589350 code [0x00000000025894c0, 0x00000000025896a8]
Event: 25.127 Thread 0x0000000014640000 4759   !   2       java.net.URL::<init> (543 bytes)
Event: 25.134 Thread 0x0000000014640000 nmethod 4759 0x0000000002808110 code [0x0000000002808460, 0x0000000002809778]
Event: 25.148 Thread 0x0000000014640000 4760       2       java.lang.String::regionMatches (149 bytes)
Event: 25.150 Thread 0x0000000014640000 nmethod 4760 0x00000000026b5f10 code [0x00000000026b6100, 0x00000000026b6638]
Event: 25.177 Thread 0x0000000014640000 4761       2       java.net.URLStreamHandler::sameFile (136 bytes)
Event: 25.178 Thread 0x0000000014640000 nmethod 4761 0x000000000262ce50 code [0x000000000262d000, 0x000000000262d328]

GC Heap History (10 events):
Event: 13.930 GC heap before
{Heap before GC invocations=12 (full 1):
 PSYoungGen      total 178176K, used 115587K [0x00000000ed800000, 0x00000000f9500000, 0x0000000100000000)
  eden space 168960K, 62% used [0x00000000ed800000,0x00000000f3fe1350,0x00000000f7d00000)
  from space 9216K, 99% used [0x00000000f8980000,0x00000000f927fc60,0x00000000f9280000)
  to   space 12288K, 0% used [0x00000000f7d00000,0x00000000f7d00000,0x00000000f8900000)
 ParOldGen       total 27648K, used 9372K [0x00000000c8800000, 0x00000000ca300000, 0x00000000ed800000)
  object space 27648K, 33% used [0x00000000c8800000,0x00000000c91273b0,0x00000000ca300000)
 Metaspace       used 33536K, capacity 35362K, committed 35456K, reserved 1079296K
  class space    used 4386K, capacity 4723K, committed 4736K, reserved 1048576K
Event: 13.963 GC heap after
Heap after GC invocations=12 (full 1):
 PSYoungGen      total 181248K, used 3638K [0x00000000ed800000, 0x00000000fd800000, 0x0000000100000000)
  eden space 168960K, 0% used [0x00000000ed800000,0x00000000ed800000,0x00000000f7d00000)
  from space 12288K, 29% used [0x00000000f7d00000,0x00000000f808d8e0,0x00000000f8900000)
  to   space 11776K, 0% used [0x00000000fcc80000,0x00000000fcc80000,0x00000000fd800000)
 ParOldGen       total 27648K, used 16562K [0x00000000c8800000, 0x00000000ca300000, 0x00000000ed800000)
  object space 27648K, 59% used [0x00000000c8800000,0x00000000c982ca38,0x00000000ca300000)
 Metaspace       used 33536K, capacity 35362K, committed 35456K, reserved 1079296K
  class space    used 4386K, capacity 4723K, committed 4736K, reserved 1048576K
}
Event: 13.963 GC heap before
{Heap before GC invocations=13 (full 2):
 PSYoungGen      total 181248K, used 3638K [0x00000000ed800000, 0x00000000fd800000, 0x0000000100000000)
  eden space 168960K, 0% used [0x00000000ed800000,0x00000000ed800000,0x00000000f7d00000)
  from space 12288K, 29% used [0x00000000f7d00000,0x00000000f808d8e0,0x00000000f8900000)
  to   space 11776K, 0% used [0x00000000fcc80000,0x00000000fcc80000,0x00000000fd800000)
 ParOldGen       total 27648K, used 16562K [0x00000000c8800000, 0x00000000ca300000, 0x00000000ed800000)
  object space 27648K, 59% used [0x00000000c8800000,0x00000000c982ca38,0x00000000ca300000)
 Metaspace       used 33536K, capacity 35362K, committed 35456K, reserved 1079296K
  class space    used 4386K, capacity 4723K, committed 4736K, reserved 1048576K
Event: 14.096 GC heap after
Heap after GC invocations=13 (full 2):
 PSYoungGen      total 181248K, used 0K [0x00000000ed800000, 0x00000000fd800000, 0x0000000100000000)
  eden space 168960K, 0% used [0x00000000ed800000,0x00000000ed800000,0x00000000f7d00000)
  from space 12288K, 0% used [0x00000000f7d00000,0x00000000f7d00000,0x00000000f8900000)
  to   space 11776K, 0% used [0x00000000fcc80000,0x00000000fcc80000,0x00000000fd800000)
 ParOldGen       total 45568K, used 14818K [0x00000000c8800000, 0x00000000cb480000, 0x00000000ed800000)
  object space 45568K, 32% used [0x00000000c8800000,0x00000000c9678a58,0x00000000cb480000)
 Metaspace       used 33536K, capacity 35362K, committed 35456K, reserved 1079296K
  class space    used 4386K, capacity 4723K, committed 4736K, reserved 1048576K
}
Event: 21.131 GC heap before
{Heap before GC invocations=14 (full 2):
 PSYoungGen      total 181248K, used 168960K [0x00000000ed800000, 0x00000000fd800000, 0x0000000100000000)
  eden space 168960K, 100% used [0x00000000ed800000,0x00000000f7d00000,0x00000000f7d00000)
  from space 12288K, 0% used [0x00000000f7d00000,0x00000000f7d00000,0x00000000f8900000)
  to   space 11776K, 0% used [0x00000000fcc80000,0x00000000fcc80000,0x00000000fd800000)
 ParOldGen       total 45568K, used 14818K [0x00000000c8800000, 0x00000000cb480000, 0x00000000ed800000)
  object space 45568K, 32% used [0x00000000c8800000,0x00000000c9678a58,0x00000000cb480000)
 Metaspace       used 48503K, capacity 50698K, committed 51072K, reserved 1093632K
  class space    used 6516K, capacity 6945K, committed 7040K, reserved 1048576K
Event: 21.168 GC heap after
Heap after GC invocations=14 (full 2):
 PSYoungGen      total 244736K, used 11770K [0x00000000ed800000, 0x00000000fe080000, 0x0000000100000000)
  eden space 232960K, 0% used [0x00000000ed800000,0x00000000ed800000,0x00000000fbb80000)
  from space 11776K, 99% used [0x00000000fcc80000,0x00000000fd7fe998,0x00000000fd800000)
  to   space 17408K, 0% used [0x00000000fbb80000,0x00000000fbb80000,0x00000000fcc80000)
 ParOldGen       total 45568K, used 25396K [0x00000000c8800000, 0x00000000cb480000, 0x00000000ed800000)
  object space 45568K, 55% used [0x00000000c8800000,0x00000000ca0cd1a8,0x00000000cb480000)
 Metaspace       used 48503K, capacity 50698K, committed 51072K, reserved 1093632K
  class space    used 6516K, capacity 6945K, committed 7040K, reserved 1048576K
}
Event: 24.289 GC heap before
{Heap before GC invocations=15 (full 2):
 PSYoungGen      total 244736K, used 109232K [0x00000000ed800000, 0x00000000fe080000, 0x0000000100000000)
  eden space 232960K, 41% used [0x00000000ed800000,0x00000000f372d830,0x00000000fbb80000)
  from space 11776K, 99% used [0x00000000fcc80000,0x00000000fd7fe998,0x00000000fd800000)
  to   space 17408K, 0% used [0x00000000fbb80000,0x00000000fbb80000,0x00000000fcc80000)
 ParOldGen       total 45568K, used 25396K [0x00000000c8800000, 0x00000000cb480000, 0x00000000ed800000)
  object space 45568K, 55% used [0x00000000c8800000,0x00000000ca0cd1a8,0x00000000cb480000)
 Metaspace       used 56271K, capacity 59014K, committed 59096K, reserved 1099776K
  class space    used 7750K, capacity 8252K, committed 8320K, reserved 1048576K
Event: 24.346 GC heap after
Heap after GC invocations=15 (full 2):
 PSYoungGen      total 250368K, used 8595K [0x00000000ed800000, 0x0000000100000000, 0x0000000100000000)
  eden space 232960K, 0% used [0x00000000ed800000,0x00000000ed800000,0x00000000fbb80000)
  from space 17408K, 49% used [0x00000000fbb80000,0x00000000fc3e4e18,0x00000000fcc80000)
  to   space 16896K, 0% used [0x00000000fef80000,0x00000000fef80000,0x0000000100000000)
 ParOldGen       total 45568K, used 31687K [0x00000000c8800000, 0x00000000cb480000, 0x00000000ed800000)
  object space 45568K, 69% used [0x00000000c8800000,0x00000000ca6f1f28,0x00000000cb480000)
 Metaspace       used 56271K, capacity 59014K, committed 59096K, reserved 1099776K
  class space    used 7750K, capacity 8252K, committed 8320K, reserved 1048576K
}
Event: 24.346 GC heap before
{Heap before GC invocations=16 (full 3):
 PSYoungGen      total 250368K, used 8595K [0x00000000ed800000, 0x0000000100000000, 0x0000000100000000)
  eden space 232960K, 0% used [0x00000000ed800000,0x00000000ed800000,0x00000000fbb80000)
  from space 17408K, 49% used [0x00000000fbb80000,0x00000000fc3e4e18,0x00000000fcc80000)
  to   space 16896K, 0% used [0x00000000fef80000,0x00000000fef80000,0x0000000100000000)
 ParOldGen       total 45568K, used 31687K [0x00000000c8800000, 0x00000000cb480000, 0x00000000ed800000)
  object space 45568K, 69% used [0x00000000c8800000,0x00000000ca6f1f28,0x00000000cb480000)
 Metaspace       used 56271K, capacity 59014K, committed 59096K, reserved 1099776K
  class space    used 7750K, capacity 8252K, committed 8320K, reserved 1048576K
Event: 24.759 GC heap after
Heap after GC invocations=16 (full 3):
 PSYoungGen      total 250368K, used 0K [0x00000000ed800000, 0x0000000100000000, 0x0000000100000000)
  eden space 232960K, 0% used [0x00000000ed800000,0x00000000ed800000,0x00000000fbb80000)
  from space 17408K, 0% used [0x00000000fbb80000,0x00000000fbb80000,0x00000000fcc80000)
  to   space 16896K, 0% used [0x00000000fef80000,0x00000000fef80000,0x0000000100000000)
 ParOldGen       total 67072K, used 26640K [0x00000000c8800000, 0x00000000cc980000, 0x00000000ed800000)
  object space 67072K, 39% used [0x00000000c8800000,0x00000000ca204148,0x00000000cc980000)
 Metaspace       used 56271K, capacity 59014K, committed 59096K, reserved 1099776K
  class space    used 7750K, capacity 8252K, committed 8320K, reserved 1048576K
}

Deoptimization events (10 events):
Event: 24.785 Thread 0x0000000016f99000 Uncommon trap: reason=unstable_if action=reinterpret pc=0x0000000002e1e23c method=org.springframework.util.ConcurrentReferenceHashMap$Segment.restructureIfNecessary(Z)V @ 41
Event: 24.786 Thread 0x0000000016f99000 Uncommon trap: reason=unstable_if action=reinterpret pc=0x0000000002a5e04c method=org.springframework.util.ConcurrentReferenceHashMap$Segment.restructureIfNecessary(Z)V @ 41
Event: 24.876 Thread 0x0000000016f99000 Uncommon trap: reason=unstable_if action=reinterpret pc=0x0000000002bf6468 method=java.util.regex.Pattern$Curly.match(Ljava/util/regex/Matcher;ILjava/lang/CharSequence;)Z @ 45
Event: 24.887 Thread 0x0000000016f99000 Uncommon trap: reason=unstable_if action=reinterpret pc=0x0000000003211290 method=java.util.regex.Pattern$BmpCharProperty.match(Ljava/util/regex/Matcher;ILjava/lang/CharSequence;)Z @ 34
Event: 24.924 Thread 0x0000000016f99000 Uncommon trap: reason=unstable_if action=reinterpret pc=0x00000000027958f4 method=java.util.regex.Matcher.match(II)Z @ 30
Event: 24.966 Thread 0x0000000016f99000 Uncommon trap: reason=unstable_if action=reinterpret pc=0x0000000002f622c8 method=java.util.StringTokenizer.scanToken(I)I @ 96
Event: 25.043 Thread 0x0000000016f99000 Uncommon trap: reason=bimorphic action=maybe_recompile pc=0x0000000003283c44 method=java.util.Hashtable.addEntry(ILjava/lang/Object;Ljava/lang/Object;I)V @ 38
Event: 25.043 Thread 0x0000000016f99000 Uncommon trap: reason=bimorphic action=maybe_recompile pc=0x0000000003283c44 method=java.util.Hashtable.addEntry(ILjava/lang/Object;Ljava/lang/Object;I)V @ 38
Event: 25.044 Thread 0x0000000016f99000 Uncommon trap: reason=bimorphic action=maybe_recompile pc=0x0000000003283c44 method=java.util.Hashtable.addEntry(ILjava/lang/Object;Ljava/lang/Object;I)V @ 38
Event: 25.066 Thread 0x0000000016f99000 Uncommon trap: reason=unstable_if action=reinterpret pc=0x0000000002586200 method=java.lang.CharacterData.of(I)Ljava/lang/CharacterData; @ 4

Internal exceptions (10 events):
Event: 23.919 Thread 0x0000000016f99000 Exception <a 'java/lang/ClassNotFoundException': com/capg/project/entity/BillDetailsCustomizer> (0x00000000f2bd6278) thrown at [C:\re\workspace\8-2-build-windows-amd64-cygwin\jdk8u111\7883\hotspot\src\share\vm\classfile\systemDictionary.cpp, line 210]
Event: 23.932 Thread 0x0000000016f99000 Exception <a 'java/lang/NoSuchMethodError': java.lang.Object.lambda$of$0([Ljava/lang/Object;)Ljava/util/Iterator;> (0x00000000f2c3cf98) thrown at [C:\re\workspace\8-2-build-windows-amd64-cygwin\jdk8u111\7883\hotspot\src\share\vm\interpreter\linkResolver.c
Event: 23.960 Thread 0x0000000016f99000 Exception <a 'java/lang/NoSuchMethodError': java.lang.Object.lambda$toStream$0(Ljava/util/Optional;)Ljava/util/stream/Stream;> (0x00000000f2ce6530) thrown at [C:\re\workspace\8-2-build-windows-amd64-cygwin\jdk8u111\7883\hotspot\src\share\vm\interpreter\li
Event: 23.962 Thread 0x0000000016f99000 Exception <a 'java/lang/NoSuchMethodError': java.lang.Object.of(Ljava/lang/Object;)Ljava/util/stream/Stream;> (0x00000000f2cecf68) thrown at [C:\re\workspace\8-2-build-windows-amd64-cygwin\jdk8u111\7883\hotspot\src\share\vm\interpreter\linkResolver.cpp, l
Event: 23.963 Thread 0x0000000016f99000 Exception <a 'java/lang/NoSuchMethodError': java.lang.Object.empty()Ljava/util/stream/Stream;> (0x00000000f2cefdb0) thrown at [C:\re\workspace\8-2-build-windows-amd64-cygwin\jdk8u111\7883\hotspot\src\share\vm\interpreter\linkResolver.cpp, line 582]
Event: 23.968 Thread 0x0000000016f99000 Exception <a 'java/lang/NoSuchMethodError': java.lang.Object.fromNullable(Ljava/lang/Object;)Ljava/util/stream/Stream;> (0x00000000f2d09220) thrown at [C:\re\workspace\8-2-build-windows-amd64-cygwin\jdk8u111\7883\hotspot\src\share\vm\interpreter\linkResol
Event: 24.026 Thread 0x0000000016f99000 Exception <a 'java/lang/NoSuchMethodError': java.lang.Object.lambda$direct$0(Lorg/springframework/data/repository/core/support/MethodLookup$InvokedMethod;Ljava/lang/reflect/Method;)Z> (0x00000000f2dd5988) thrown at [C:\re\workspace\8-2-build-windows-amd64
Event: 24.027 Thread 0x0000000016f99000 Exception <a 'java/lang/NoSuchMethodError': java.lang.Object.lambda$direct$1(Lorg/springframework/data/repository/core/support/MethodLookup$MethodPredicate;)Ljava/util/List;> (0x00000000f2dd8b10) thrown at [C:\re\workspace\8-2-build-windows-amd64-cygwin\j
Event: 24.033 Thread 0x0000000016f99000 Exception <a 'java/lang/NoSuchMethodError': java.lang.Object.lambda$and$0(Lorg/springframework/data/repository/core/support/MethodLookup;)Ljava/util/List;> (0x00000000f2e01648) thrown at [C:\re\workspace\8-2-build-windows-amd64-cygwin\jdk8u111\7883\hotspo
Event: 24.055 Thread 0x0000000016f99000 Exception <a 'java/lang/IncompatibleClassChangeError': Found class java.lang.Object, but interface was expected> (0x00000000f2ea2cc8) thrown at [C:\re\workspace\8-2-build-windows-amd64-cygwin\jdk8u111\7883\hotspot\src\share\vm\interpreter\linkResolver.cpp

Events (10 events):
Event: 25.184 loading class org/hibernate/hql/internal/ast/tree/DotNode$DereferenceType
Event: 25.184 loading class org/hibernate/hql/internal/ast/tree/DotNode$DereferenceType done
Event: 25.185 loading class org/hibernate/hql/internal/ast/tree/IdentNode
Event: 25.185 loading class org/hibernate/hql/internal/ast/tree/IdentNode done
Event: 25.188 loading class org/hibernate/hql/internal/ast/tree/FromElementFactory
Event: 25.188 loading class org/hibernate/hql/internal/ast/tree/FromElementFactory done
Event: 25.189 loading class org/hibernate/hql/internal/antlr/SqlTokenTypes
Event: 25.189 loading class org/hibernate/hql/internal/antlr/SqlTokenTypes done
Event: 25.191 loading class org/hibernate/hql/internal/ast/tree/ComponentJoin
Event: 25.191 loading class org/hibernate/hql/internal/ast/tree/ComponentJoin done


Dynamic libraries:
0x00007ff60b530000 - 0x00007ff60b567000 	C:\Program Files\Java\jre1.8.0_111\bin\javaw.exe
0x00007fff6c660000 - 0x00007fff6c821000 	C:\Windows\SYSTEM32\ntdll.dll
0x00007fff6b140000 - 0x00007fff6b1ed000 	C:\Windows\system32\KERNEL32.DLL
0x00007fff69580000 - 0x00007fff69768000 	C:\Windows\system32\KERNELBASE.dll
0x00007fff6b3b0000 - 0x00007fff6b457000 	C:\Windows\system32\ADVAPI32.dll
0x00007fff69a70000 - 0x00007fff69b0d000 	C:\Windows\system32\msvcrt.dll
0x00007fff69b80000 - 0x00007fff69bdb000 	C:\Windows\system32\sechost.dll
0x00007fff6bc50000 - 0x00007fff6bd6c000 	C:\Windows\system32\RPCRT4.dll
0x00007fff6c500000 - 0x00007fff6c656000 	C:\Windows\system32\USER32.dll
0x00007fff6c0f0000 - 0x00007fff6c276000 	C:\Windows\system32\GDI32.dll
0x00007fff63480000 - 0x00007fff636f4000 	C:\Windows\WinSxS\amd64_microsoft.windows.common-controls_6595b64144ccf1df_6.0.10586.0_none_8c15ae12515e1c22\COMCTL32.dll
0x00007fff6c280000 - 0x00007fff6c4fd000 	C:\Windows\system32\combase.dll
0x00007fff69380000 - 0x00007fff693ea000 	C:\Windows\system32\bcryptPrimitives.dll
0x00007fff6bb30000 - 0x00007fff6bb6b000 	C:\Windows\system32\IMM32.DLL
0x000000005fa70000 - 0x000000005fb42000 	C:\Program Files\Java\jre1.8.0_111\bin\msvcr100.dll
0x000000005fb50000 - 0x00000000603ea000 	C:\Program Files\Java\jre1.8.0_111\bin\server\jvm.dll
0x00007fff6b3a0000 - 0x00007fff6b3a8000 	C:\Windows\system32\PSAPI.DLL
0x00007fff66b50000 - 0x00007fff66b73000 	C:\Windows\SYSTEM32\WINMM.dll
0x00007fff658c0000 - 0x00007fff658ca000 	C:\Windows\SYSTEM32\VERSION.dll
0x00007fff5d8c0000 - 0x00007fff5d8c9000 	C:\Windows\SYSTEM32\WSOCK32.dll
0x00007fff6b460000 - 0x00007fff6b4cb000 	C:\Windows\system32\WS2_32.dll
0x0000000002050000 - 0x000000000207c000 	C:\Windows\SYSTEM32\WINMMBASE.dll
0x00007fff69480000 - 0x00007fff694c3000 	C:\Windows\system32\cfgmgr32.dll
0x000000005fa60000 - 0x000000005fa6f000 	C:\Program Files\Java\jre1.8.0_111\bin\verify.dll
0x000000005fa30000 - 0x000000005fa59000 	C:\Program Files\Java\jre1.8.0_111\bin\java.dll
0x000000005fa10000 - 0x000000005fa26000 	C:\Program Files\Java\jre1.8.0_111\bin\zip.dll
0x00007fff69be0000 - 0x00007fff6b13c000 	C:\Windows\system32\SHELL32.dll
0x00007fff68d30000 - 0x00007fff69375000 	C:\Windows\system32\windows.storage.dll
0x00007fff6b920000 - 0x00007fff6b972000 	C:\Windows\system32\shlwapi.dll
0x00007fff68d00000 - 0x00007fff68d0f000 	C:\Windows\system32\kernel.appcore.dll
0x00007fff699a0000 - 0x00007fff69a55000 	C:\Windows\system32\shcore.dll
0x00007fff68ca0000 - 0x00007fff68ceb000 	C:\Windows\system32\powrprof.dll
0x00007fff68c80000 - 0x00007fff68c94000 	C:\Windows\system32\profapi.dll
0x000000005f990000 - 0x000000005f99d000 	C:\Program Files\Java\jre1.8.0_111\bin\management.dll
0x000000005f9f0000 - 0x000000005fa0a000 	C:\Program Files\Java\jre1.8.0_111\bin\net.dll
0x00007fff68550000 - 0x00007fff685ac000 	C:\Windows\system32\mswsock.dll
0x00007fff59fb0000 - 0x00007fff59fc6000 	C:\Windows\system32\napinsp.dll
0x00007fff59f60000 - 0x00007fff59f7a000 	C:\Windows\system32\pnrpnsp.dll
0x00007fff66680000 - 0x00007fff66698000 	C:\Windows\system32\NLAapi.dll
0x00007fff676f0000 - 0x00007fff6779a000 	C:\Windows\SYSTEM32\DNSAPI.dll
0x00007fff6bb70000 - 0x00007fff6bb78000 	C:\Windows\system32\NSI.dll
0x00007fff59f50000 - 0x00007fff59f5d000 	C:\Windows\System32\winrnr.dll
0x0000000060500000 - 0x0000000060526000 	C:\Program Files\Bonjour\mdnsNSP.dll
0x00007fff63a50000 - 0x00007fff63a88000 	C:\Windows\SYSTEM32\Iphlpapi.DLL
0x00007fff5f530000 - 0x00007fff5f53a000 	C:\Windows\System32\rasadhlp.dll
0x00007fff63aa0000 - 0x00007fff63b07000 	C:\Windows\System32\fwpuclnt.dll
0x00007fff68bb0000 - 0x00007fff68bd9000 	C:\Windows\SYSTEM32\bcrypt.dll
0x000000005f9d0000 - 0x000000005f9e1000 	C:\Program Files\Java\jre1.8.0_111\bin\nio.dll
0x00007fff68600000 - 0x00007fff68617000 	C:\Windows\SYSTEM32\CRYPTSP.dll
0x00007fff68290000 - 0x00007fff682c4000 	C:\Windows\system32\rsaenh.dll
0x00007fff683e0000 - 0x00007fff683ff000 	C:\Windows\SYSTEM32\USERENV.dll
0x00007fff68720000 - 0x00007fff6872b000 	C:\Windows\SYSTEM32\CRYPTBASE.dll
0x00007fff63a30000 - 0x00007fff63a46000 	C:\Windows\SYSTEM32\dhcpcsvc6.DLL
0x00007fff63a10000 - 0x00007fff63a2a000 	C:\Windows\SYSTEM32\dhcpcsvc.DLL
0x000000005f9a0000 - 0x000000005f9c4000 	C:\Program Files\Java\jre1.8.0_111\bin\sunec.dll

VM Arguments:
jvm_args: -Dfile.encoding=UTF-8 
java_command: com.capg.project.ProjectApplication
java_class_path (initial): C:\Program Files\Java\jre1.8.0_111\lib\resources.jar;C:\Program Files\Java\jre1.8.0_111\lib\rt.jar;C:\Program Files\Java\jre1.8.0_111\lib\jsse.jar;C:\Program Files\Java\jre1.8.0_111\lib\jce.jar;C:\Program Files\Java\jre1.8.0_111\lib\charsets.jar;C:\Program Files\Java\jre1.8.0_111\lib\jfr.jar;C:\Program Files\Java\jre1.8.0_111\lib\ext\access-bridge-64.jar;C:\Program Files\Java\jre1.8.0_111\lib\ext\cldrdata.jar;C:\Program Files\Java\jre1.8.0_111\lib\ext\dnsns.jar;C:\Program Files\Java\jre1.8.0_111\lib\ext\jaccess.jar;C:\Program Files\Java\jre1.8.0_111\lib\ext\jfxrt.jar;C:\Program Files\Java\jre1.8.0_111\lib\ext\localedata.jar;C:\Program Files\Java\jre1.8.0_111\lib\ext\nashorn.jar;C:\Program Files\Java\jre1.8.0_111\lib\ext\sunec.jar;C:\Program Files\Java\jre1.8.0_111\lib\ext\sunjce_provider.jar;C:\Program Files\Java\jre1.8.0_111\lib\ext\sunmscapi.jar;C:\Program Files\Java\jre1.8.0_111\lib\ext\sunpkcs11.jar;C:\Program Files\Java\jre1.8.0_111\lib\ext\zipfs.jar;C:\Users\HP\Downloads\DisplayProduct\DisplayProduct\DisplayProduct\target\classes;C:\Users\HP\.m2\repository\org\springframework\boot\spring-boot-starter-actuator\2.2.6.RELEASE\spring-boot-starter-actuator-2.2.6.RELEASE.jar;C:\Users\HP\.m2\repository\org\springframework\boot\spring-boot-starter\2.2.6.RELEASE\spring-boot-starter-2.2.6.RELEASE.jar;C:\Users\HP\.m2\repository\org\springframework\boot\spring-boot-starter-logging\2.2.6.RELEASE\spring-boot-starter-logging-2.2.6.RELEASE.jar;C:\Users\HP\.m2\repository\ch\qos\logback\logback-classic\1.2.3\logback-classic-1.2.3.jar;C:\Users\HP\.m2\repository\ch\qos\logback\logback-core\1.2.3\logback-core-1.2.3.jar;C:\Users\HP\.m2\repository\org\apache\logging\log4j\log4j-to-slf4j\2.12.1\log4j-to-slf4j-2.12.1.jar;C:\Users\HP\.m2\repository\org\apache\logging\log4j\log4j-api\2.12.1\log4j-api-2.12.1.jar;C:\Users\HP\.m2\repository\org\slf4j\jul-to-slf4j\1.7.30\jul-to-slf4j-1.7.30.jar;C:\Users\HP\.m2\repository\jakarta\annotation\jakarta.annotation-api
Launcher Type: SUN_STANDARD

Environment Variables:
PATH=C:/Program Files/Java/jre1.8.0_111/bin/server;C:/Program Files/Java/jre1.8.0_111/bin;C:/Program Files/Java/jre1.8.0_111/lib/amd64;C:\oraclexe\app\oracle\product\11.2.0\server\bin;;C:\ProgramData\Oracle\Java\javapath;C:\Windows\system32;C:\Windows;C:\Windows\System32\Wbem;C:\Windows\System32\WindowsPowerShell\v1.0\;C:\Program Files\nodejs\;C:\Program Files\Java\jdk1.8.0_111\bin;C:\Users\HP\AppData\Roaming\npm;C:\Users\HP\AppData\Local\Programs\Microsoft VS Code\bin;C:\Users\HP\AppData\Local\GitHubDesktop\bin;G:\Software\spring-tool-suite-3.9.2.RELEASE-e4.7.2-win32-x86_64\sts-bundle\sts-3.9.2.RELEASE;
USERNAME=HP
OS=Windows_NT
PROCESSOR_IDENTIFIER=AMD64 Family 22 Model 48 Stepping 1, AuthenticAMD



---------------  S Y S T E M  ---------------

OS: Windows 10.0 , 64 bit Build 10586 (10.0.10586.0)

CPU:total 4 (4 cores per cpu, 1 threads per core) family 22 model 48 stepping 1, cmov, cx8, fxsr, mmx, sse, sse2, sse3, ssse3, sse4.1, sse4.2, popcnt, avx, aes, clmul, mmxext, 3dnowpref, lzcnt, sse4a, tsc, tscinvbit, tscinv, bmi1

Memory: 4k page, physical 3635312k(607992k free), swap 14645360k(5172k free)

vm_info: Java HotSpot(TM) 64-Bit Server VM (25.111-b14) for windows-amd64 JRE (1.8.0_111-b14), built on Sep 22 2016 19:24:05 by "java_re" with MS VC++ 10.0 (VS2010)

time: Thu May 07 20:40:17 2020
elapsed time: 25 seconds (0d 0h 0m 25s)

